This is pdfTeX, Version 3.14159265-2.6-1.40.21 (TeX Live 2020/Arch Linux) (preloaded format=pdflatex 2021.5.24)  15 JUN 2021 13:02
entering extended mode
 restricted \write18 enabled.
 %&-line parsing enabled.
**cp2021t
(./cp2021t.tex
LaTeX2e <2020-10-01> patch level 2
L3 programming layer <2020-12-03> xparse <2020-03-03>
(/usr/share/texmf-dist/tex/latex/base/article.cls
Document Class: article 2020/04/10 v1.4m Standard LaTeX document class
(/usr/share/texmf-dist/tex/latex/base/size10.clo
File: size10.clo 2020/04/10 v1.4m Standard LaTeX file (size option)
)
\c@part=\count177
\c@section=\count178
\c@subsection=\count179
\c@subsubsection=\count180
\c@paragraph=\count181
\c@subparagraph=\count182
\c@figure=\count183
\c@table=\count184
\abovecaptionskip=\skip47
\belowcaptionskip=\skip48
\bibindent=\dimen138
)
(/usr/share/texmf-dist/tex/latex/geometry/geometry.sty
Package: geometry 2020/01/02 v5.9 Page Geometry

(/usr/share/texmf-dist/tex/latex/graphics/keyval.sty
Package: keyval 2014/10/28 v1.15 key=value parser (DPC)
\KV@toks@=\toks15
)
(/usr/share/texmf-dist/tex/generic/iftex/ifvtex.sty
Package: ifvtex 2019/10/25 v1.7 ifvtex legacy package. Use iftex instead.

(/usr/share/texmf-dist/tex/generic/iftex/iftex.sty
Package: iftex 2020/03/06 v1.0d TeX engine tests
))
\Gm@cnth=\count185
\Gm@cntv=\count186
\c@Gm@tempcnt=\count187
\Gm@bindingoffset=\dimen139
\Gm@wd@mp=\dimen140
\Gm@odd@mp=\dimen141
\Gm@even@mp=\dimen142
\Gm@layoutwidth=\dimen143
\Gm@layoutheight=\dimen144
\Gm@layouthoffset=\dimen145
\Gm@layoutvoffset=\dimen146
\Gm@dimlist=\toks16
)
(/usr/share/texmf-dist/tex/latex/psnfss/palatino.sty
Package: palatino 2020/03/25 PSNFSS-v9.3 (SPQR) 
)
(/usr/share/texmf-dist/tex/latex/hyperref/hyperref.sty
Package: hyperref 2020-05-15 v7.00e Hypertext links for LaTeX

(/usr/share/texmf-dist/tex/generic/ltxcmds/ltxcmds.sty
Package: ltxcmds 2020-05-10 v1.25 LaTeX kernel commands for general use (HO)
)
(/usr/share/texmf-dist/tex/generic/pdftexcmds/pdftexcmds.sty
Package: pdftexcmds 2020-06-27 v0.33 Utility functions of pdfTeX for LuaTeX (HO
)

(/usr/share/texmf-dist/tex/generic/infwarerr/infwarerr.sty
Package: infwarerr 2019/12/03 v1.5 Providing info/warning/error messages (HO)
)
Package pdftexcmds Info: \pdf@primitive is available.
Package pdftexcmds Info: \pdf@ifprimitive is available.
Package pdftexcmds Info: \pdfdraftmode found.
)
(/usr/share/texmf-dist/tex/generic/kvsetkeys/kvsetkeys.sty
Package: kvsetkeys 2019/12/15 v1.18 Key value parser (HO)
)
(/usr/share/texmf-dist/tex/generic/kvdefinekeys/kvdefinekeys.sty
Package: kvdefinekeys 2019-12-19 v1.6 Define keys (HO)
)
(/usr/share/texmf-dist/tex/generic/pdfescape/pdfescape.sty
Package: pdfescape 2019/12/09 v1.15 Implements pdfTeX's escape features (HO)
)
(/usr/share/texmf-dist/tex/latex/hycolor/hycolor.sty
Package: hycolor 2020-01-27 v1.10 Color options for hyperref/bookmark (HO)
)
(/usr/share/texmf-dist/tex/latex/letltxmacro/letltxmacro.sty
Package: letltxmacro 2019/12/03 v1.6 Let assignment for LaTeX macros (HO)
)
(/usr/share/texmf-dist/tex/latex/auxhook/auxhook.sty
Package: auxhook 2019-12-17 v1.6 Hooks for auxiliary files (HO)
)
(/usr/share/texmf-dist/tex/latex/kvoptions/kvoptions.sty
Package: kvoptions 2020-10-07 v3.14 Key value format for package options (HO)
)
\@linkdim=\dimen147
\Hy@linkcounter=\count188
\Hy@pagecounter=\count189

(/usr/share/texmf-dist/tex/latex/hyperref/pd1enc.def
File: pd1enc.def 2020-05-15 v7.00e Hyperref: PDFDocEncoding definition (HO)
Now handling font encoding PD1 ...
... no UTF-8 mapping file for font encoding PD1
)
(/usr/share/texmf-dist/tex/generic/intcalc/intcalc.sty
Package: intcalc 2019/12/15 v1.3 Expandable calculations with integers (HO)
)
(/usr/share/texmf-dist/tex/generic/etexcmds/etexcmds.sty
Package: etexcmds 2019/12/15 v1.7 Avoid name clashes with e-TeX commands (HO)
)
\Hy@SavedSpaceFactor=\count190
Package hyperref Info: Option `colorlinks' set `true' on input line 4338.
Package hyperref Info: Hyper figures OFF on input line 4464.
Package hyperref Info: Link nesting OFF on input line 4469.
Package hyperref Info: Hyper index ON on input line 4472.
Package hyperref Info: Plain pages OFF on input line 4479.
Package hyperref Info: Backreferencing OFF on input line 4484.
Package hyperref Info: Implicit mode ON; LaTeX internals redefined.
Package hyperref Info: Bookmarks ON on input line 4717.
\c@Hy@tempcnt=\count191

(/usr/share/texmf-dist/tex/latex/url/url.sty
\Urlmuskip=\muskip16
Package: url 2013/09/16  ver 3.4  Verb mode for urls, etc.
)
LaTeX Info: Redefining \url on input line 5076.
\XeTeXLinkMargin=\dimen148

(/usr/share/texmf-dist/tex/generic/bitset/bitset.sty
Package: bitset 2019/12/09 v1.3 Handle bit-vector datatype (HO)

(/usr/share/texmf-dist/tex/generic/bigintcalc/bigintcalc.sty
Package: bigintcalc 2019/12/15 v1.5 Expandable calculations on big integers (HO
)
))
\Fld@menulength=\count192
\Field@Width=\dimen149
\Fld@charsize=\dimen150
Package hyperref Info: Hyper figures OFF on input line 6347.
Package hyperref Info: Link nesting OFF on input line 6352.
Package hyperref Info: Hyper index ON on input line 6355.
Package hyperref Info: backreferencing OFF on input line 6362.
Package hyperref Info: Link coloring ON on input line 6365.
Package hyperref Info: Link coloring with OCG OFF on input line 6372.
Package hyperref Info: PDF/A mode OFF on input line 6377.
LaTeX Info: Redefining \ref on input line 6417.
LaTeX Info: Redefining \pageref on input line 6421.

(/usr/share/texmf-dist/tex/latex/base/atbegshi-ltx.sty
Package: atbegshi-ltx 2020/08/17 v1.0a Emulation of the original atbegshi packa
ge
with kernel methods
)
\Hy@abspage=\count193
\c@Item=\count194
\c@Hfootnote=\count195
)
Package hyperref Info: Driver (autodetected): hpdftex.

(/usr/share/texmf-dist/tex/latex/hyperref/hpdftex.def
File: hpdftex.def 2020-05-15 v7.00e Hyperref driver for pdfTeX

(/usr/share/texmf-dist/tex/latex/base/atveryend-ltx.sty
Package: atveryend-ltx 2020/08/19 v1.0a Emulation of the original atvery packag
e
with kernel methods
)
\Fld@listcount=\count196
\c@bookmark@seq@number=\count197

(/usr/share/texmf-dist/tex/latex/rerunfilecheck/rerunfilecheck.sty
Package: rerunfilecheck 2019/12/05 v1.9 Rerun checks for auxiliary files (HO)

(/usr/share/texmf-dist/tex/generic/uniquecounter/uniquecounter.sty
Package: uniquecounter 2019/12/15 v1.4 Provide unlimited unique counter (HO)
)
Package uniquecounter Info: New unique counter `rerunfilecheck' on input line 2
86.
)
\Hy@SectionHShift=\skip49
)
(/usr/share/texmf-dist/tex/latex/graphics/graphicx.sty
Package: graphicx 2020/09/09 v1.2b Enhanced LaTeX Graphics (DPC,SPQR)

(/usr/share/texmf-dist/tex/latex/graphics/graphics.sty
Package: graphics 2020/08/30 v1.4c Standard LaTeX Graphics (DPC,SPQR)

(/usr/share/texmf-dist/tex/latex/graphics/trig.sty
Package: trig 2016/01/03 v1.10 sin cos tan (DPC)
)
(/usr/share/texmf-dist/tex/latex/graphics-cfg/graphics.cfg
File: graphics.cfg 2016/06/04 v1.11 sample graphics configuration
)
Package graphics Info: Driver file: pdftex.def on input line 105.

(/usr/share/texmf-dist/tex/latex/graphics-def/pdftex.def
File: pdftex.def 2020/10/05 v1.2a Graphics/color driver for pdftex
))
\Gin@req@height=\dimen151
\Gin@req@width=\dimen152
) (./cp2021t.sty
(/usr/share/texmf-dist/tex/latex/base/fleqn.sty

LaTeX Warning: inputting `fleqn.clo' instead of obsolete `fleqn.sty'.

(/usr/share/texmf-dist/tex/latex/base/fleqn.clo
File: fleqn.clo 2016/12/29 v1.2b Standard LaTeX option (flush left equations)
\mathindent=\skip50
Applying: [2015/01/01] Make \[ robust on input line 50.
LaTeX Info: Redefining \[ on input line 51.
Already applied: [0000/00/00] Make \[ robust on input line 62.
Applying: [2015/01/01] Make \] robust on input line 74.
LaTeX Info: Redefining \] on input line 75.
Already applied: [0000/00/00] Make \] robust on input line 83.
))
(/usr/share/texmf-dist/tex/generic/babel/babel.sty
Package: babel 2020/10/27 3.51 The Babel package

(/usr/share/texmf-dist/tex/generic/babel/babel.def
File: babel.def 2020/10/27 3.51 Babel common definitions
\babel@savecnt=\count198
\U@D=\dimen153
\l@babelnohyphens=\language86

(/usr/share/texmf-dist/tex/generic/babel/txtbabel.def)
\bbl@readstream=\read2
)
\bbl@dirlevel=\count199

(/usr/share/texmf-dist/tex/generic/babel-portuges/portuguese.ldf
Language: portuges 2020/05/04 v1.2r Portuguese support from the babel system
Package babel Info: Making " an active character on input line 143.
))
(/usr/share/texmf-dist/tex/latex/base/inputenc.sty
Package: inputenc 2020/08/01 v1.3d Input encoding file
\inpenc@prehook=\toks17
\inpenc@posthook=\toks18
)
\c@teste=\count266
\c@propriedade=\count267

(/usr/share/texmf-dist/tex/latex/fancyvrb/fancyvrb.sty
Package: fancyvrb 2020/05/03 v3.6 verbatim text (tvz,hv)
\FV@CodeLineNo=\count268
\FV@InFile=\read3
\FV@TabBox=\box47
\c@FancyVerbLine=\count269
\FV@StepNumber=\count270
\FV@OutFile=\write3
)

! LaTeX Error: File `xy.sty' not found.

Type X to quit or <RETURN> to proceed,
or enter new name. (Default extension: sty)

Enter file name: 
(/usr/share/texmf-dist/tex/latex/base/makeidx.sty
Package: makeidx 2014/09/29 v1.0m Standard LaTeX package
)
\pn=\count271
)
(/usr/share/texmf-dist/tex/latex/caption/subcaption.sty
Package: subcaption 2020/10/07 v1.3j Sub-captions (AR)

(/usr/share/texmf-dist/tex/latex/caption/caption.sty
Package: caption 2020/10/26 v3.5g Customizing captions (AR)

(/usr/share/texmf-dist/tex/latex/caption/caption3.sty
Package: caption3 2020/10/21 v2.2e caption3 kernel (AR)
\captionmargin=\dimen154
\captionmargin@=\dimen155
\captionwidth=\dimen156
\caption@tempdima=\dimen157
\caption@indent=\dimen158
\caption@parindent=\dimen159
\caption@hangindent=\dimen160
Package caption Info: Standard document class detected.
)
\c@caption@flags=\count272
\c@continuedfloat=\count273
Package caption Info: hyperref package is loaded.
)
\c@subfigure=\count274
\c@subtable=\count275
)
(/usr/share/texmf-dist/tex/latex/adjustbox/adjustbox.sty
Package: adjustbox 2020/08/19 v1.3 Adjusting TeX boxes (trim, clip, ...)

(/usr/share/texmf-dist/tex/latex/xkeyval/xkeyval.sty
Package: xkeyval 2020/11/20 v2.8 package option processing (HA)

(/usr/share/texmf-dist/tex/generic/xkeyval/xkeyval.tex
(/usr/share/texmf-dist/tex/generic/xkeyval/xkvutils.tex
\XKV@toks=\toks19
\XKV@tempa@toks=\toks20
)
\XKV@depth=\count276
File: xkeyval.tex 2014/12/03 v2.7a key=value parser (HA)
))
(/usr/share/texmf-dist/tex/latex/adjustbox/adjcalc.sty
Package: adjcalc 2012/05/16 v1.1 Provides advanced setlength with multiple back
-ends (calc, etex, pgfmath)
)
(/usr/share/texmf-dist/tex/latex/adjustbox/trimclip.sty
Package: trimclip 2020/08/19 v1.2 Trim and clip general TeX material

(/usr/share/texmf-dist/tex/latex/collectbox/collectbox.sty
Package: collectbox 2012/05/17 v0.4b Collect macro arguments as boxes
\collectedbox=\box48
)
\tc@llx=\dimen161
\tc@lly=\dimen162
\tc@urx=\dimen163
\tc@ury=\dimen164
Package trimclip Info: Using driver 'tc-pdftex.def'.

(/usr/share/texmf-dist/tex/latex/adjustbox/tc-pdftex.def
File: tc-pdftex.def 2019/01/04 v2.2 Clipping driver for pdftex
))
\adjbox@Width=\dimen165
\adjbox@Height=\dimen166
\adjbox@Depth=\dimen167
\adjbox@Totalheight=\dimen168
\adjbox@pwidth=\dimen169
\adjbox@pheight=\dimen170
\adjbox@pdepth=\dimen171
\adjbox@ptotalheight=\dimen172

(/usr/share/texmf-dist/tex/latex/ifoddpage/ifoddpage.sty
Package: ifoddpage 2016/04/23 v1.1 Conditionals for odd/even page detection
\c@checkoddpage=\count277
)
(/usr/share/texmf-dist/tex/latex/varwidth/varwidth.sty
Package: varwidth 2009/03/30 ver 0.92;  Variable-width minipages
\@vwid@box=\box49
\sift@deathcycles=\count278
\@vwid@loff=\dimen173
\@vwid@roff=\dimen174
))
(/usr/share/texmf-dist/tex/latex/graphics/color.sty
Package: color 2020/02/24 v1.2b Standard LaTeX Color (DPC)

(/usr/share/texmf-dist/tex/latex/graphics-cfg/color.cfg
File: color.cfg 2016/01/02 v1.6 sample color configuration
)
Package color Info: Driver file: pdftex.def on input line 147.
)
Package color Info: Redefining color red on input line 10.
Package color Info: Redefining color blue on input line 11.

(/usr/share/texmf-dist/tex/latex/amsmath/amstext.sty
Package: amstext 2000/06/29 v2.01 AMS text

(/usr/share/texmf-dist/tex/latex/amsmath/amsgen.sty
File: amsgen.sty 1999/11/30 v2.0 generic functions
\@emptytoks=\toks21
\ex@=\dimen175
))
(/usr/share/texmf-dist/tex/latex/amsfonts/amssymb.sty
Package: amssymb 2013/01/14 v3.01 AMS font symbols

(/usr/share/texmf-dist/tex/latex/amsfonts/amsfonts.sty
Package: amsfonts 2013/01/14 v3.01 Basic AMSFonts support
\symAMSa=\mathgroup4
\symAMSb=\mathgroup5
LaTeX Font Info:    Redeclaring math symbol \hbar on input line 98.
LaTeX Font Info:    Overwriting math alphabet `\mathfrak' in version `bold'
(Font)                  U/euf/m/n --> U/euf/b/n on input line 106.
))

! LaTeX Error: File `stmaryrd.sty' not found.

Type X to quit or <RETURN> to proceed,
or enter new name. (Default extension: sty)

Enter file name: 
(/usr/share/texmf-dist/tex/latex/polytable/polytable.sty
Package: polytable 2020/07/14 v0.8.6 `polytable' package (Andres Loeh)

(/usr/share/texmf-dist/tex/latex/lazylist/lazylist.sty)
(/usr/share/texmf-dist/tex/latex/tools/array.sty
Package: array 2020/10/01 v2.5c Tabular extension package (FMi)
\col@sep=\dimen176
\ar@mcellbox=\box50
\extrarowheight=\dimen177
\NC@list=\toks22
\extratabsurround=\skip51
\backup@length=\skip52
\ar@cellbox=\box51
)
\PT@colwidth=\dimen178
\PT@cols=\count279
\PT@table=\count280
\PT@toks=\toks23
\PT@in=\read4
\PT@out=\write4
)
\blanklineskip=\skip53

(/usr/share/texmf-dist/tex/latex/tools/calc.sty
Package: calc 2017/05/25 v4.3 Infix arithmetic (KKT,FJ)
\calc@Acount=\count281
\calc@Bcount=\count282
\calc@Adimen=\dimen179
\calc@Bdimen=\dimen180
\calc@Askip=\skip54
\calc@Bskip=\skip55
LaTeX Info: Redefining \setlength on input line 80.
LaTeX Info: Redefining \addtolength on input line 81.
\calc@Ccount=\count283
\calc@Cskip=\skip56
)
\@indexfile=\write5

Writing index file cp2021t.idx
LaTeX Font Info:    Trying to load font information for OT1+ppl on input line 3
02.
(/usr/share/texmf-dist/tex/latex/psnfss/ot1ppl.fd
File: ot1ppl.fd 2001/06/04 font definitions for OT1/ppl.
)
(/usr/share/texmf-dist/tex/latex/l3backend/l3backend-pdftex.def
File: l3backend-pdftex.def 2020-09-24 L3 backend support: PDF output (pdfTeX)
\l__kernel_color_stack_int=\count284
\l__pdf_internal_box=\box52
) (./cp2021t.aux)
LaTeX Font Info:    Checking defaults for OML/cmm/m/it on input line 302.
LaTeX Font Info:    ... okay on input line 302.
LaTeX Font Info:    Checking defaults for OMS/cmsy/m/n on input line 302.
LaTeX Font Info:    ... okay on input line 302.
LaTeX Font Info:    Checking defaults for OT1/cmr/m/n on input line 302.
LaTeX Font Info:    ... okay on input line 302.
LaTeX Font Info:    Checking defaults for T1/cmr/m/n on input line 302.
LaTeX Font Info:    ... okay on input line 302.
LaTeX Font Info:    Checking defaults for TS1/cmr/m/n on input line 302.
LaTeX Font Info:    ... okay on input line 302.
LaTeX Font Info:    Checking defaults for OMX/cmex/m/n on input line 302.
LaTeX Font Info:    ... okay on input line 302.
LaTeX Font Info:    Checking defaults for U/cmr/m/n on input line 302.
LaTeX Font Info:    ... okay on input line 302.
LaTeX Font Info:    Checking defaults for PD1/pdf/m/n on input line 302.
LaTeX Font Info:    ... okay on input line 302.

*geometry* driver: auto-detecting
*geometry* detected driver: pdftex
*geometry* verbose mode - [ preamble ] result:
* driver: pdftex
* paper: a4paper
* layout: <same size as paper>
* layoutoffset:(h,v)=(0.0pt,0.0pt)
* modes: 
* h-part:(L,W,R)=(85.35826pt, 455.24411pt, 56.9055pt)
* v-part:(T,H,B)=(71.13188pt, 702.78308pt, 71.13188pt)
* \paperwidth=597.50787pt
* \paperheight=845.04684pt
* \textwidth=455.24411pt
* \textheight=702.78308pt
* \oddsidemargin=13.08827pt
* \evensidemargin=13.08827pt
* \topmargin=-38.1381pt
* \headheight=12.0pt
* \headsep=25.0pt
* \topskip=10.0pt
* \footskip=30.0pt
* \marginparwidth=57.0pt
* \marginparsep=11.0pt
* \columnsep=10.0pt
* \skip\footins=9.0pt plus 4.0pt minus 2.0pt
* \hoffset=0.0pt
* \voffset=0.0pt
* \mag=1000
* \@twocolumnfalse
* \@twosidefalse
* \@mparswitchfalse
* \@reversemarginfalse
* (1in=72.27pt=25.4mm, 1cm=28.453pt)

Package hyperref Info: Link coloring ON on input line 302.
(/usr/share/texmf-dist/tex/latex/hyperref/nameref.sty
Package: nameref 2019/09/16 v2.46 Cross-referencing by name of section

(/usr/share/texmf-dist/tex/latex/refcount/refcount.sty
Package: refcount 2019/12/15 v3.6 Data extraction from label references (HO)
)
(/usr/share/texmf-dist/tex/generic/gettitlestring/gettitlestring.sty
Package: gettitlestring 2019/12/15 v1.6 Cleanup title references (HO)
)
\c@section@level=\count285
)
LaTeX Info: Redefining \ref on input line 302.
LaTeX Info: Redefining \pageref on input line 302.
LaTeX Info: Redefining \nameref on input line 302.

(./cp2021t.out) (./cp2021t.out)
\@outlinefile=\write6

(/usr/share/texmf-dist/tex/context/base/mkii/supp-pdf.mkii
[Loading MPS to PDF converter (version 2006.09.02).]
\scratchcounter=\count286
\scratchdimen=\dimen181
\scratchbox=\box53
\nofMPsegments=\count287
\nofMParguments=\count288
\everyMPshowfont=\toks24
\MPscratchCnt=\count289
\MPscratchDim=\dimen182
\MPnumerator=\count290
\makeMPintoPDFobject=\count291
\everyMPtoPDFconversion=\toks25
) (/usr/share/texmf-dist/tex/latex/epstopdf-pkg/epstopdf-base.sty
Package: epstopdf-base 2020-01-24 v2.11 Base part for package epstopdf
Package epstopdf-base Info: Redefining graphics rule for `.eps' on input line 4
85.

(/usr/share/texmf-dist/tex/latex/latexconfig/epstopdf-sys.cfg
File: epstopdf-sys.cfg 2010/07/13 v1.3 Configuration of (r)epstopdf for TeX Liv
e
))
Package caption Info: Begin \AtBeginDocument code.
Package caption Info: End \AtBeginDocument code.
LaTeX Font Info:    Trying to load font information for U+msa on input line 305
.

(/usr/share/texmf-dist/tex/latex/amsfonts/umsa.fd
File: umsa.fd 2013/01/14 v3.01 AMS symbols A
)
LaTeX Font Info:    Trying to load font information for U+msb on input line 305
.

(/usr/share/texmf-dist/tex/latex/amsfonts/umsb.fd
File: umsb.fd 2013/01/14 v3.01 AMS symbols B
)

LaTeX Warning: Citation `Kn92' on page 1 undefined on input line 341.

LaTeX Font Info:    Trying to load font information for OT1+pcr on input line 3
49.
(/usr/share/texmf-dist/tex/latex/psnfss/ot1pcr.fd
File: ot1pcr.fd 2001/06/04 font definitions for OT1/pcr.
) [1

{/var/lib/texmf/fonts/map/pdftex/updmap/pdftex.map}]
LaTeX Font Info:    Trying to load font information for TS1+ppl on input line 4
30.
 (/usr/share/texmf-dist/tex/latex/psnfss/ts1ppl.fd
File: ts1ppl.fd 2001/06/04 font definitions for TS1/ppl.
)
[2]
Overfull \hbox (6.3199pt too wide) in paragraph at lines 561--564
[]$[]$ \OT1/ppl/m/it/10 e $[]$ s~ao tes-te-mu-nhas de um iso-mor-fismo, isto ^^
Se, $[] []
 []

[3] [4]

Package hyperref Warning: Suppressing link with empty target on input line 765.



LaTeX Warning: Citation `Ol18' on page 5 undefined on input line 765.


Package hyperref Warning: Suppressing link with empty target on input line 765.


LaTeX Font Info:    Trying to load font information for OT1+phv on input line 7
72.
(/usr/share/texmf-dist/tex/latex/psnfss/ot1phv.fd
File: ot1phv.fd 2020/03/25 scalable font definitions for OT1/phv.
) [5]

LaTeX Warning: Citation `Ol18' on page 6 undefined on input line 811.

<cp2021t_media/Bezier_curves.png, id=140, 433.62pt x 180.675pt>
File: cp2021t_media/Bezier_curves.png Graphic file (type png)
<use cp2021t_media/Bezier_curves.png>
Package pdftex.def Info: cp2021t_media/Bezier_curves.png  used on input line 88
1.
(pdftex.def)             Requested size: 364.19667pt x 151.75493pt.

LaTeX Warning: `!h' float specifier changed to `!ht'.

[6] [7 <./cp2021t_media/Bezier_curves.png (PNG copy)>]
! Missing $ inserted.
<inserted text> 
                $
l.1059 \end{hscode}
                   \resethooks
? 
! Extra }, or forgotten $.
\mbox  #1->\leavevmode \hbox {#1}
                                 
l.1059 \end{hscode}
                   \resethooks
? 
! Missing } inserted.
<inserted text> 
                }
l.1059 \end{hscode}
                   \resethooks
? 
! Missing $ inserted.
<inserted text> 
                $
l.1059 \end{hscode}
                   \resethooks
? 
! Missing $ inserted.
<inserted text> 
                $
l.1059 \end{hscode}
                   \resethooks
? 
! Extra }, or forgotten $.
\mbox  #1->\leavevmode \hbox {#1}
                                 
l.1059 \end{hscode}
                   \resethooks
? 
! Missing } inserted.
<inserted text> 
                }
l.1059 \end{hscode}
                   \resethooks
? 
! Missing $ inserted.
<inserted text> 
                $
l.1059 \end{hscode}
                   \resethooks
? 
! Missing $ inserted.
<inserted text> 
                $
l.1059 \end{hscode}
                   \resethooks
? 
! Extra }, or forgotten $.
\mbox  #1->\leavevmode \hbox {#1}
                                 
l.1059 \end{hscode}
                   \resethooks
? 
! Missing } inserted.
<inserted text> 
                }
l.1059 \end{hscode}
                   \resethooks
? 
! Missing $ inserted.
<inserted text> 
                $
l.1059 \end{hscode}
                   \resethooks
? 
[8]

LaTeX Warning: Citation `Ol18' on page 9 undefined on input line 1077.

! Undefined control sequence.
l.1095 \xymatrix
                @C=2cm{
? 
! Undefined control sequence.
l.1097            \ar
                     [d]_-{\ensuremath{\cata{\Varid{g}}}}
? 
! Missing } inserted.
<inserted text> 
                }
l.1098 &
        
? 
! Undefined control sequence.
l.1100            \ar
                     [d]^{\ensuremath{\Varid{id}\mathbin{+}\cata{\Varid{g}}}}
? 
! Undefined control sequence.
l.1101            \ar
                     [l]_-{\ensuremath{\mathsf{in}}}
? 
! Undefined control sequence.
l.1106            \ar
                     [l]^-{\ensuremath{\Varid{g}}}
? 
! Incomplete \ifcase; all text was ignored after line 1108.
<inserted text> 
                \fi 
l.1108 \end{eqnarray*}
                      
? 
! Missing $ inserted.
<inserted text> 
                $
l.1108 \end{eqnarray*}
                      
? 
! Extra alignment tab has been changed to \cr.
<template> \egroup \endtemplate 
                                
l.1108 \end{eqnarray*}
                      
? 
! Extra \or.
\@@eqncr ...e \@eqcnt \def \reserved@a {& & &}\or 
                                                  \def \reserved@a {& &}\or ...
l.1108 \end{eqnarray*}
                      
? 
! Extra \or.
\@@eqncr ... {& & &}\or \def \reserved@a {& &}\or 
                                                  \def \reserved@a {&}\else ...
l.1108 \end{eqnarray*}
                      
? 
! Extra \else.
\@@eqncr ...@a {& &}\or \def \reserved@a {&}\else 
                                                  \let \reserved@a \@empty \...
l.1108 \end{eqnarray*}
                      
? 
! Missing $$ inserted.
<to be read again> 
                   \begingroup 
l.1108 \end{eqnarray*}
                      
? 

! LaTeX Error: Too many columns in eqnarray environment.

See the LaTeX manual or LaTeX Companion for explanation.
Type  H <return>  for immediate help.
 ...                                              
                                                  
l.1108 \end{eqnarray*}
                      
? 
! Extra \fi.
\@@eqncr ...mns in eqnarray environment}\@ehc \fi 
                                                  \reserved@a \if@eqnsw \@eq...
l.1108 \end{eqnarray*}
                      
? 

Underfull \hbox (badness 10000) in alignment at lines 1108--1108
 [][][][]
 []


Package hyperref Warning: Suppressing link with empty target on input line 1111
.


LaTeX Warning: Citation `Ol18' on page 9 undefined on input line 1112.


Package hyperref Warning: Suppressing link with empty target on input line 1112
.

[9] [10] [11]
Overfull \hbox (8.57883pt too wide) in paragraph at lines 1429--1478
 [][] 
 []


Overfull \hbox (8.57883pt too wide) in paragraph at lines 1429--1478
 [][][][] 
 []


Overfull \hbox (8.57883pt too wide) in paragraph at lines 1429--1478
 [][] 
 []


Overfull \hbox (8.57883pt too wide) in paragraph at lines 1429--1478
 [][][][] 
 []


Overfull \hbox (8.57883pt too wide) in paragraph at lines 1429--1478
 [][] 
 []


Overfull \hbox (8.57883pt too wide) in paragraph at lines 1429--1478
 [][][][] 
 []


Overfull \hbox (8.57883pt too wide) in paragraph at lines 1429--1478
 [][][][] 
 []


Overfull \hbox (8.57883pt too wide) in paragraph at lines 1429--1478
 [][][][][][] 
 []


Overfull \hbox (8.57883pt too wide) in paragraph at lines 1429--1478
 [][][][][][] 
 []


Overfull \hbox (8.57883pt too wide) in paragraph at lines 1429--1478
 [][][][][][] 
 []


Overfull \hbox (8.57883pt too wide) in paragraph at lines 1429--1478
 [][][][][][] 
 []


Overfull \hbox (8.57883pt too wide) in paragraph at lines 1429--1478
 [][][][] 
 []


Overfull \hbox (8.57883pt too wide) in paragraph at lines 1429--1478
 [][] 
 []


Overfull \hbox (8.57883pt too wide) in paragraph at lines 1429--1478
 [][] 
 []


Overfull \hbox (8.57883pt too wide) in paragraph at lines 1429--1478
 [][] 
 []

[12]
Overfull \hbox (103.62514pt too wide) in paragraph at lines 1582--1593
 [][] 
 []


Overfull \hbox (103.62514pt too wide) in paragraph at lines 1582--1593
 [][][][] 
 []


Overfull \hbox (103.62514pt too wide) in paragraph at lines 1582--1593
 [][] 
 []

<cp2021t_media/Cn+1.png, id=232, 1209.96371pt x 1068.40392pt>
File: cp2021t_media/Cn+1.png Graphic file (type png)
<use cp2021t_media/Cn+1.png>
Package pdftex.def Info: cp2021t_media/Cn+1.png  used on input line 1605.
(pdftex.def)             Requested size: 364.19667pt x 321.58331pt.

LaTeX Warning: `!h' float specifier changed to `!ht'.

! Double subscript.
l.1612 c_n_
           +_1 = \frac{4n+2}{n+2} \times C_n
? 
! Double subscript.
l.1612 c_n_+_
             1 = \frac{4n+2}{n+2} \times C_n
? 
! Double subscript.
l.1622 f_n_
           +_1 = \frac{4n+6}{n+3}
? 
! Double subscript.
l.1622 f_n_+_
             1 = \frac{4n+6}{n+3}
? 

LaTeX Warning: Command \texttwosuperior invalid in math mode on input line 1628
.


LaTeX Warning: Command \texttwosuperior invalid in math mode on input line 1628
.

Missing character: There is no ² in font cmr10!
! Double subscript.
l.1632 f_n_
           +_1 = f_n + \frac{6}{nÂ²+5n+6}
? 
! Double subscript.
l.1632 f_n_+_
             1 = f_n + \frac{6}{nÂ²+5n+6}
? 

LaTeX Warning: Command \texttwosuperior invalid in math mode on input line 1632
.


LaTeX Warning: Command \texttwosuperior invalid in math mode on input line 1632
.

Missing character: There is no ² in font cmr10!

LaTeX Warning: Command \texttwosuperior invalid in math mode on input line 1636
.


LaTeX Warning: Command \texttwosuperior invalid in math mode on input line 1636
.

Missing character: There is no ² in font cmr10!
! Double subscript.
l.1640 f_n_
           +_1 = f_n + \frac{6}{g_n}
? 
! Double subscript.
l.1640 f_n_+_
             1 = f_n + \frac{6}{g_n}
? 
! Double subscript.
l.1643 g_n_
           +_1 = nÂ²+7n+12
? 
! Double subscript.
l.1643 g_n_+_
             1 = nÂ²+7n+12
? 

LaTeX Warning: Command \texttwosuperior invalid in math mode on input line 1643
.


LaTeX Warning: Command \texttwosuperior invalid in math mode on input line 1643
.

Missing character: There is no ² in font cmr10!

LaTeX Warning: Command \texttwosuperior invalid in math mode on input line 1647
.


LaTeX Warning: Command \texttwosuperior invalid in math mode on input line 1647
.


LaTeX Warning: Command \texttwosuperior invalid in math mode on input line 1647
.


LaTeX Warning: Command \texttwosuperior invalid in math mode on input line 1647
.

Missing character: There is no ² in font cmr10!
Missing character: There is no ² in font cmr10!
[13]
! Double subscript.
l.1653 g_n_
           +_1 = g_n+2n+6
? 
! Double subscript.
l.1653 g_n_+_
             1 = g_n+2n+6
? 
! Double subscript.
l.1661 h_n_
           +_1 = 2n+8
? 
! Double subscript.
l.1661 h_n_+_
             1 = 2n+8
? 
! Double subscript.
l.1671 h_n_
           +_1 = h_n+2
? 
! Double subscript.
l.1671 h_n_+_
             1 = h_n+2
? 
! Double subscript.
l.1675 c_n_
           +_1 = f_n \times c_n
? 
! Double subscript.
l.1675 c_n_+_
             1 = f_n \times c_n
? 
[14 <./cp2021t_media/Cn+1.png (PNG copy)>]
! Undefined control sequence.
l.1748   \xymatrix
                   {
? 
! Undefined control sequence.
l.1750      \ar
               [r]^{outLT}
? 
! Undefined control sequence.
l.1751      \ar
               [d]_{\llparenthesis length \rrparenthesis}
? 
! Undefined control sequence.
l.1751      \ar[d]_{\llparenthesis
                                   length \rrparenthesis}
? 
! Undefined control sequence.
l.1751 ...d]_{\llparenthesis length \rrparenthesis
                                                  }
? 
! Missing } inserted.
<inserted text> 
                }
l.1752 &
        
? 
! Undefined control sequence.
l.1754     \ar
              [d]^{id + id \times length}
? 
! Undefined control sequence.
l.1759     \ar
              [l]_{[const 1, succ \cdot \pi1]}
? 
! Incomplete \ifcase; all text was ignored after line 1761.
<inserted text> 
                \fi 
l.1761 \end{eqnarray*}
                      
? 
! Missing $ inserted.
<inserted text> 
                $
l.1761 \end{eqnarray*}
                      
? 
! Extra alignment tab has been changed to \cr.
<template> \egroup \endtemplate 
                                
l.1761 \end{eqnarray*}
                      
? 
! Extra \or.
\@@eqncr ...e \@eqcnt \def \reserved@a {& & &}\or 
                                                  \def \reserved@a {& &}\or ...
l.1761 \end{eqnarray*}
                      
? 
! Extra \or.
\@@eqncr ... {& & &}\or \def \reserved@a {& &}\or 
                                                  \def \reserved@a {&}\else ...
l.1761 \end{eqnarray*}
                      
? 
! Extra \else.
\@@eqncr ...@a {& &}\or \def \reserved@a {&}\else 
                                                  \let \reserved@a \@empty \...
l.1761 \end{eqnarray*}
                      
? 
! Missing $$ inserted.
<to be read again> 
                   \begingroup 
l.1761 \end{eqnarray*}
                      
? 

! LaTeX Error: Too many columns in eqnarray environment.

See the LaTeX manual or LaTeX Companion for explanation.
Type  H <return>  for immediate help.
 ...                                              
                                                  
l.1761 \end{eqnarray*}
                      
? 
! Extra \fi.
\@@eqncr ...mns in eqnarray environment}\@ehc \fi 
                                                  \reserved@a \if@eqnsw \@eq...
l.1761 \end{eqnarray*}
                      
? 

Underfull \hbox (badness 10000) in alignment at lines 1761--1761
 [][][][]
 []

! Undefined control sequence.
l.1767   \xymatrix
                   {
? 
! Undefined control sequence.
l.1769      \ar
               [r]^{outLT}
? 
! Undefined control sequence.
l.1770      \ar
               [d]_{\llparenthesis length \rrparenthesis}
? 
! Undefined control sequence.
l.1770      \ar[d]_{\llparenthesis
                                   length \rrparenthesis}
? 
! Undefined control sequence.
l.1770 ...d]_{\llparenthesis length \rrparenthesis
                                                  }
? 
! Missing } inserted.
<inserted text> 
                }
l.1771 &
        
? 
! Undefined control sequence.
l.1773     \ar
              [d]_{id + id \times <avg, length>}
? 
! Undefined control sequence.
l.1778     \ar
              [l]_{[1, succ \cdot \pi2]}
? 
! Incomplete \ifcase; all text was ignored after line 1780.
<inserted text> 
                \fi 
l.1780 \end{eqnarray*}
                      
? 
! Missing $ inserted.
<inserted text> 
                $
l.1780 \end{eqnarray*}
                      
? 
! Extra alignment tab has been changed to \cr.
<template> \egroup \endtemplate 
                                
l.1780 \end{eqnarray*}
                      
? 
! Extra \or.
\@@eqncr ...e \@eqcnt \def \reserved@a {& & &}\or 
                                                  \def \reserved@a {& &}\or ...
l.1780 \end{eqnarray*}
                      
? 
! Extra \or.
\@@eqncr ... {& & &}\or \def \reserved@a {& &}\or 
                                                  \def \reserved@a {&}\else ...
l.1780 \end{eqnarray*}
                      
? 
! Extra \else.
\@@eqncr ...@a {& &}\or \def \reserved@a {&}\else 
                                                  \let \reserved@a \@empty \...
l.1780 \end{eqnarray*}
                      
? 
! Missing $$ inserted.
<to be read again> 
                   \begingroup 
l.1780 \end{eqnarray*}
                      
? 

! LaTeX Error: Too many columns in eqnarray environment.

See the LaTeX manual or LaTeX Companion for explanation.
Type  H <return>  for immediate help.
 ...                                              
                                                  
l.1780 \end{eqnarray*}
                      
? 
! Extra \fi.
\@@eqncr ...mns in eqnarray environment}\@ehc \fi 
                                                  \reserved@a \if@eqnsw \@eq...
l.1780 \end{eqnarray*}
                      
? 

Underfull \hbox (badness 10000) in alignment at lines 1780--1780
 [][][][]
 []

! Undefined control sequence.
l.1785   \xymatrix
                   {
? 
! Undefined control sequence.
l.1787      \ar
               [r]^{outLT}
? 
! Undefined control sequence.
l.1788      \ar
               [d]_{\llparenthesis avg \rrparenthesis}
? 
! Undefined control sequence.
l.1788      \ar[d]_{\llparenthesis
                                   avg \rrparenthesis}
? 
! Undefined control sequence.
l.1788 ...ar[d]_{\llparenthesis avg \rrparenthesis
                                                  }
? 
! Missing } inserted.
<inserted text> 
                }
l.1789 &
        
? 
! Undefined control sequence.
l.1791     \ar
              [d]_{id + id \times <avg, length>}
? 
! Undefined control sequence.
l.1796     \ar
              [l]_{[id, (id + \pi_{2} * \pi_{1}) / (\pi_{2} + 1)]}
? 
! Incomplete \ifcase; all text was ignored after line 1798.
<inserted text> 
                \fi 
l.1798 \end{eqnarray*}
                      
? 
! Missing $ inserted.
<inserted text> 
                $
l.1798 \end{eqnarray*}
                      
? 
! Extra alignment tab has been changed to \cr.
<template> \egroup \endtemplate 
                                
l.1798 \end{eqnarray*}
                      
? 
! Extra \or.
\@@eqncr ...e \@eqcnt \def \reserved@a {& & &}\or 
                                                  \def \reserved@a {& &}\or ...
l.1798 \end{eqnarray*}
                      
? 
! Extra \or.
\@@eqncr ... {& & &}\or \def \reserved@a {& &}\or 
                                                  \def \reserved@a {&}\else ...
l.1798 \end{eqnarray*}
                      
? 
! Extra \else.
\@@eqncr ...@a {& &}\or \def \reserved@a {&}\else 
                                                  \let \reserved@a \@empty \...
l.1798 \end{eqnarray*}
                      
? 
! Missing $$ inserted.
<to be read again> 
                   \begingroup 
l.1798 \end{eqnarray*}
                      
? 

! LaTeX Error: Too many columns in eqnarray environment.

See the LaTeX manual or LaTeX Companion for explanation.
Type  H <return>  for immediate help.
 ...                                              
                                                  
l.1798 \end{eqnarray*}
                      
? 
! Extra \fi.
\@@eqncr ...mns in eqnarray environment}\@ehc \fi 
                                                  \reserved@a \if@eqnsw \@eq...
l.1798 \end{eqnarray*}
                      
? 

Underfull \hbox (badness 10000) in alignment at lines 1798--1798
 [][][][]
 []

! Missing } inserted.
<inserted text> 
                }
l.1803   $
           <avg, length> = \llparenthesis \langle  h,k \rangle  \rrparenthes...

? 
! Undefined control sequence.
l.1803   $ <avg, length> = \llparenthesis
                                          \langle  h,k \rangle  \rrparenthes...

? 
! Missing $ inserted.
<inserted text> 
                $
l.1803   $ <avg, length> = \llparenthesis \langle
                                                   h,k \rangle  \rrparenthes...

? 
! Undefined control sequence.
l.1803 ...sis \langle  h,k \rangle  \rrparenthesis
                                                   $ \\
? 
! Missing $ inserted.
<inserted text> 
                $
l.1804   $
           \equiv \{ h := [id, (id + \pi_{2} * \pi_{1}) / (\pi_{2} + 1)]; k ...

? 
! Incomplete \ifcase; all text was ignored after line 1804.
<inserted text> 
                \fi 
l.1804   $
           \equiv \{ h := [id, (id + \pi_{2} * \pi_{1}) / (\pi_{2} + 1)]; k ...

? 
! Extra alignment tab has been changed to \cr.
<recently read> \endtemplate 
                             
l.1804   $
           \equiv \{ h := [id, (id + \pi_{2} * \pi_{1}) / (\pi_{2} + 1)]; k ...

? 
! Extra \or.
\@@eqncr ... {& & &}\or \def \reserved@a {& &}\or 
                                                  \def \reserved@a {&}\else ...
l.1804   $
           \equiv \{ h := [id, (id + \pi_{2} * \pi_{1}) / (\pi_{2} + 1)]; k ...

? 
! Extra \else.
\@@eqncr ...@a {& &}\or \def \reserved@a {&}\else 
                                                  \let \reserved@a \@empty \...
l.1804   $
           \equiv \{ h := [id, (id + \pi_{2} * \pi_{1}) / (\pi_{2} + 1)]; k ...

? 

! LaTeX Error: Too many columns in eqnarray environment.

See the LaTeX manual or LaTeX Companion for explanation.
Type  H <return>  for immediate help.
 ...                                              
                                                  
l.1804   $
           \equiv \{ h := [id, (id + \pi_{2} * \pi_{1}) / (\pi_{2} + 1)]; k ...

? 
! Extra \fi.
\@@eqncr ...mns in eqnarray environment}\@ehc \fi 
                                                  \reserved@a \if@eqnsw \@eq...
l.1804   $
           \equiv \{ h := [id, (id + \pi_{2} * \pi_{1}) / (\pi_{2} + 1)]; k ...

? 
! Missing { inserted.
<inserted text> 
                {
l.1804   $
           \equiv \{ h := [id, (id + \pi_{2} * \pi_{1}) / (\pi_{2} + 1)]; k ...

? 
! Missing } inserted.
<inserted text> 
                }
l.1804   $
           \equiv \{ h := [id, (id + \pi_{2} * \pi_{1}) / (\pi_{2} + 1)]; k ...

? 
! Missing $ inserted.
<inserted text> 
                $
l.1804   $ \equiv
                  \{ h := [id, (id + \pi_{2} * \pi_{1}) / (\pi_{2} + 1)]; k ...

? 
! Missing $ inserted.
<inserted text> 
                $
l.1805   $
           <avg, length> = \llparenthesis \langle  [id, (id + \pi_{2} * \pi_...

? 
! Incomplete \ifcase; all text was ignored after line 1805.
<inserted text> 
                \fi 
l.1805   $
           <avg, length> = \llparenthesis \langle  [id, (id + \pi_{2} * \pi_...

? 
! Extra alignment tab has been changed to \cr.
<recently read> \endtemplate 
                             
l.1805   $
           <avg, length> = \llparenthesis \langle  [id, (id + \pi_{2} * \pi_...

? 
! Extra \or.
\@@eqncr ... {& & &}\or \def \reserved@a {& &}\or 
                                                  \def \reserved@a {&}\else ...
l.1805   $
           <avg, length> = \llparenthesis \langle  [id, (id + \pi_{2} * \pi_...

? 
! Extra \else.
\@@eqncr ...@a {& &}\or \def \reserved@a {&}\else 
                                                  \let \reserved@a \@empty \...
l.1805   $
           <avg, length> = \llparenthesis \langle  [id, (id + \pi_{2} * \pi_...

? 

! LaTeX Error: Too many columns in eqnarray environment.

See the LaTeX manual or LaTeX Companion for explanation.
Type  H <return>  for immediate help.
 ...                                              
                                                  
l.1805   $
           <avg, length> = \llparenthesis \langle  [id, (id + \pi_{2} * \pi_...

? 
! Extra \fi.
\@@eqncr ...mns in eqnarray environment}\@ehc \fi 
                                                  \reserved@a \if@eqnsw \@eq...
l.1805   $
           <avg, length> = \llparenthesis \langle  [id, (id + \pi_{2} * \pi_...

? 
! Missing { inserted.
<inserted text> 
                {
l.1805   $
           <avg, length> = \llparenthesis \langle  [id, (id + \pi_{2} * \pi_...

? 
! Missing } inserted.
<inserted text> 
                }
l.1805   $
           <avg, length> = \llparenthesis \langle  [id, (id + \pi_{2} * \pi_...

? 
! Undefined control sequence.
l.1805   $ <avg, length> = \llparenthesis
                                          \langle  [id, (id + \pi_{2} * \pi_...

? 
! Missing $ inserted.
<inserted text> 
                $
l.1805   $ <avg, length> = \llparenthesis \langle
                                                   [id, (id + \pi_{2} * \pi_...

? 
! Undefined control sequence.
l.1805 ... succ . \pi_{2}] \rangle  \rrparenthesis
                                                   $ \\
? 
! Missing $ inserted.
<inserted text> 
                $
l.1806   $
           \equiv \{ Lei da troca (28) \} $ \\
? 
! Incomplete \ifcase; all text was ignored after line 1806.
<inserted text> 
                \fi 
l.1806   $
           \equiv \{ Lei da troca (28) \} $ \\
? 
! Extra alignment tab has been changed to \cr.
<recently read> \endtemplate 
                             
l.1806   $
           \equiv \{ Lei da troca (28) \} $ \\
? 
! Extra \or.
\@@eqncr ... {& & &}\or \def \reserved@a {& &}\or 
                                                  \def \reserved@a {&}\else ...
l.1806   $
           \equiv \{ Lei da troca (28) \} $ \\
? 
! Extra \else.
\@@eqncr ...@a {& &}\or \def \reserved@a {&}\else 
                                                  \let \reserved@a \@empty \...
l.1806   $
           \equiv \{ Lei da troca (28) \} $ \\
? 

! LaTeX Error: Too many columns in eqnarray environment.

See the LaTeX manual or LaTeX Companion for explanation.
Type  H <return>  for immediate help.
 ...                                              
                                                  
l.1806   $
           \equiv \{ Lei da troca (28) \} $ \\
? 
! Extra \fi.
\@@eqncr ...mns in eqnarray environment}\@ehc \fi 
                                                  \reserved@a \if@eqnsw \@eq...
l.1806   $
           \equiv \{ Lei da troca (28) \} $ \\
? 
! Missing { inserted.
<inserted text> 
                {
l.1806   $
           \equiv \{ Lei da troca (28) \} $ \\
? 
! Missing } inserted.
<inserted text> 
                }
l.1806   $
           \equiv \{ Lei da troca (28) \} $ \\
? 
! Missing $ inserted.
<inserted text> 
                $
l.1806   $ \equiv
                  \{ Lei da troca (28) \} $ \\
? 
! Missing $ inserted.
<inserted text> 
                $
l.1807   $
           <avg, length> = \llparenthesis [\langle id, const 1 \rangle  , \l...

? 
! Incomplete \ifcase; all text was ignored after line 1807.
<inserted text> 
                \fi 
l.1807   $
           <avg, length> = \llparenthesis [\langle id, const 1 \rangle  , \l...

? 
! Extra alignment tab has been changed to \cr.
<recently read> \endtemplate 
                             
l.1807   $
           <avg, length> = \llparenthesis [\langle id, const 1 \rangle  , \l...

? 
! Extra \or.
\@@eqncr ... {& & &}\or \def \reserved@a {& &}\or 
                                                  \def \reserved@a {&}\else ...
l.1807   $
           <avg, length> = \llparenthesis [\langle id, const 1 \rangle  , \l...

? 
! Extra \else.
\@@eqncr ...@a {& &}\or \def \reserved@a {&}\else 
                                                  \let \reserved@a \@empty \...
l.1807   $
           <avg, length> = \llparenthesis [\langle id, const 1 \rangle  , \l...

? 

! LaTeX Error: Too many columns in eqnarray environment.

See the LaTeX manual or LaTeX Companion for explanation.
Type  H <return>  for immediate help.
 ...                                              
                                                  
l.1807   $
           <avg, length> = \llparenthesis [\langle id, const 1 \rangle  , \l...

? 
! Extra \fi.
\@@eqncr ...mns in eqnarray environment}\@ehc \fi 
                                                  \reserved@a \if@eqnsw \@eq...
l.1807   $
           <avg, length> = \llparenthesis [\langle id, const 1 \rangle  , \l...

? 
! Missing { inserted.
<inserted text> 
                {
l.1807   $
           <avg, length> = \llparenthesis [\langle id, const 1 \rangle  , \l...

? 
! Missing } inserted.
<inserted text> 
                }
l.1807   $
           <avg, length> = \llparenthesis [\langle id, const 1 \rangle  , \l...

? 
! Undefined control sequence.
l.1807   $ <avg, length> = \llparenthesis
                                          [\langle id, const 1 \rangle  , \l...

? 
! Missing $ inserted.
<inserted text> 
                $
l.1807   $ <avg, length> = \llparenthesis [\langle
                                                   id, const 1 \rangle  , \l...

? 
! Undefined control sequence.
l.1807 ... succ . \pi_{2} \rangle ] \rrparenthesis
                                                   $ \\
? 
! Missing $ inserted.
<inserted text> 
                $
l.1808 \end
           {eqnarray*}
? 
! Incomplete \ifcase; all text was ignored after line 1808.
<inserted text> 
                \fi 
l.1808 \end
           {eqnarray*}
? 
! Extra alignment tab has been changed to \cr.
<recently read> \endtemplate 
                             
l.1808 \end
           {eqnarray*}
? 
! Extra \or.
\@@eqncr ... {& & &}\or \def \reserved@a {& &}\or 
                                                  \def \reserved@a {&}\else ...
l.1808 \end
           {eqnarray*}
? 
! Extra \else.
\@@eqncr ...@a {& &}\or \def \reserved@a {&}\else 
                                                  \let \reserved@a \@empty \...
l.1808 \end
           {eqnarray*}
? 

! LaTeX Error: Too many columns in eqnarray environment.

See the LaTeX manual or LaTeX Companion for explanation.
Type  H <return>  for immediate help.
 ...                                              
                                                  
l.1808 \end
           {eqnarray*}
? 
! Extra \fi.
\@@eqncr ...mns in eqnarray environment}\@ehc \fi 
                                                  \reserved@a \if@eqnsw \@eq...
l.1808 \end
           {eqnarray*}
? 
! Missing { inserted.
<inserted text> 
                {
l.1808 \end
           {eqnarray*}
? 
[15]
! Undefined control sequence.
l.1829   \xymatrix
                   {
? 
! Undefined control sequence.
l.1831      \ar
               [r]_{outLT}
? 
! Undefined control sequence.
l.1832      \ar
               [d]^{\llparenthises avg, length \rrparenthesis}
? 
! Undefined control sequence.
l.1832      \ar[d]^{\llparenthises
                                   avg, length \rrparenthesis}
? 
! Undefined control sequence.
l.1832 ...llparenthises avg, length \rrparenthesis
                                                  }
? 
! Missing } inserted.
<inserted text> 
                }
l.1833 &
        
? 
! Undefined control sequence.
l.1835     \ar
              [d]_{id + <avg, length>^{2}}
? 
! Incomplete \ifcase; all text was ignored after line 1841.
<inserted text> 
                \fi 
l.1841 \end{eqnarray*}
                      
? 
! Missing $ inserted.
<inserted text> 
                $
l.1841 \end{eqnarray*}
                      
? 
! Extra alignment tab has been changed to \cr.
<template> \egroup \endtemplate 
                                
l.1841 \end{eqnarray*}
                      
? 
! Extra \or.
\@@eqncr ...e \@eqcnt \def \reserved@a {& & &}\or 
                                                  \def \reserved@a {& &}\or ...
l.1841 \end{eqnarray*}
                      
? 
! Extra \or.
\@@eqncr ... {& & &}\or \def \reserved@a {& &}\or 
                                                  \def \reserved@a {&}\else ...
l.1841 \end{eqnarray*}
                      
? 
! Extra \else.
\@@eqncr ...@a {& &}\or \def \reserved@a {&}\else 
                                                  \let \reserved@a \@empty \...
l.1841 \end{eqnarray*}
                      
? 
! Missing $$ inserted.
<to be read again> 
                   \begingroup 
l.1841 \end{eqnarray*}
                      
? 

! LaTeX Error: Too many columns in eqnarray environment.

See the LaTeX manual or LaTeX Companion for explanation.
Type  H <return>  for immediate help.
 ...                                              
                                                  
l.1841 \end{eqnarray*}
                      
? 
! Extra \fi.
\@@eqncr ...mns in eqnarray environment}\@ehc \fi 
                                                  \reserved@a \if@eqnsw \@eq...
l.1841 \end{eqnarray*}
                      
? 

Underfull \hbox (badness 10000) in alignment at lines 1841--1841
 [][][][]
 []

! Missing } inserted.
<inserted text> 
                }
l.1844   $
           \langle avg, length \rangle = \llparenthesis \langle h, k \rangle...

? 
! Missing $ inserted.
<inserted text> 
                $
l.1844   $ \langle
                   avg, length \rangle = \llparenthesis \langle h, k \rangle...

? 
! Undefined control sequence.
l.1844 ...gle avg, length \rangle = \llparenthesis
                                                   \langle h, k \rangle \rrp...

? 
! Undefined control sequence.
l.1844 ...esis \langle h, k \rangle \rrparenthesis
                                                   $ \\
? 
! Missing $ inserted.
<inserted text> 
                $
l.1845   $
           \equiv \left\{ Fokkinga (52) \right\} $\\
? 
! Incomplete \ifcase; all text was ignored after line 1845.
<inserted text> 
                \fi 
l.1845   $
           \equiv \left\{ Fokkinga (52) \right\} $\\
? 
! Extra alignment tab has been changed to \cr.
<recently read> \endtemplate 
                             
l.1845   $
           \equiv \left\{ Fokkinga (52) \right\} $\\
? 
! Extra \or.
\@@eqncr ... {& & &}\or \def \reserved@a {& &}\or 
                                                  \def \reserved@a {&}\else ...
l.1845   $
           \equiv \left\{ Fokkinga (52) \right\} $\\
? 
! Extra \else.
\@@eqncr ...@a {& &}\or \def \reserved@a {&}\else 
                                                  \let \reserved@a \@empty \...
l.1845   $
           \equiv \left\{ Fokkinga (52) \right\} $\\
? 

! LaTeX Error: Too many columns in eqnarray environment.

See the LaTeX manual or LaTeX Companion for explanation.
Type  H <return>  for immediate help.
 ...                                              
                                                  
l.1845   $
           \equiv \left\{ Fokkinga (52) \right\} $\\
? 
! Extra \fi.
\@@eqncr ...mns in eqnarray environment}\@ehc \fi 
                                                  \reserved@a \if@eqnsw \@eq...
l.1845   $
           \equiv \left\{ Fokkinga (52) \right\} $\\
? 
! Missing { inserted.
<inserted text> 
                {
l.1845   $
           \equiv \left\{ Fokkinga (52) \right\} $\\
? 
! Missing } inserted.
<inserted text> 
                }
l.1845   $
           \equiv \left\{ Fokkinga (52) \right\} $\\
? 
! Missing $ inserted.
<inserted text> 
                $
l.1845   $ \equiv
                  \left\{ Fokkinga (52) \right\} $\\
? 
! Missing $ inserted.
<inserted text> 
                $
l.1846   \left
              \{\begin{array}{lr}
? 
! Incomplete \ifcase; all text was ignored after line 1846.
<inserted text> 
                \fi 
l.1846   \left
              \{\begin{array}{lr}
? 
! Extra alignment tab has been changed to \cr.
<recently read> \endtemplate 
                             
l.1846   \left
              \{\begin{array}{lr}
? 
! Extra \or.
\@@eqncr ... {& & &}\or \def \reserved@a {& &}\or 
                                                  \def \reserved@a {&}\else ...
l.1846   \left
              \{\begin{array}{lr}
? 
! Extra \else.
\@@eqncr ...@a {& &}\or \def \reserved@a {&}\else 
                                                  \let \reserved@a \@empty \...
l.1846   \left
              \{\begin{array}{lr}
? 

! LaTeX Error: Too many columns in eqnarray environment.

See the LaTeX manual or LaTeX Companion for explanation.
Type  H <return>  for immediate help.
 ...                                              
                                                  
l.1846   \left
              \{\begin{array}{lr}
? 
! Extra \fi.
\@@eqncr ...mns in eqnarray environment}\@ehc \fi 
                                                  \reserved@a \if@eqnsw \@eq...
l.1846   \left
              \{\begin{array}{lr}
? 
! Missing { inserted.
<inserted text> 
                {
l.1846   \left
              \{\begin{array}{lr}
? 
! Missing $ inserted.
<inserted text> 
                $
l.1847     $ avg \cdot
                       inLT = h \cdot (id + \left\langle avg, length \right\...

? 
! Missing $ inserted.
<inserted text> 
                $
l.1848     $
             length \cdot inLT = k \cdot (id + \left\langle avg, length \rig...

? 
! Missing $ inserted.
<inserted text> 
                $
l.1848     $ length \cdot
                          inLT = k \cdot (id + \left\langle avg, length \rig...

? 
! Missing $ inserted.
<inserted text> 
                $
l.1849   \end
             {array}\right
? 
! Missing delimiter (. inserted).
<to be read again> 
                   $
l.1850   $
          \equiv \left\{ Eq - + (27); Natural-id (1) \right\}$ \\
? 
! Missing } inserted.
<inserted text> 
                }
l.1850   $
          \equiv \left\{ Eq - + (27); Natural-id (1) \right\}$ \\
? 
! Missing $ inserted.
<inserted text> 
                $
l.1850   $\equiv
                 \left\{ Eq - + (27); Natural-id (1) \right\}$ \\
? 
! Missing $ inserted.
<inserted text> 
                $
l.1851   \left
              \{\begin{array}{lr}
? 
! Incomplete \ifcase; all text was ignored after line 1851.
<inserted text> 
                \fi 
l.1851   \left
              \{\begin{array}{lr}
? 
! Extra alignment tab has been changed to \cr.
<recently read> \endtemplate 
                             
l.1851   \left
              \{\begin{array}{lr}
? 
! Extra \or.
\@@eqncr ... {& & &}\or \def \reserved@a {& &}\or 
                                                  \def \reserved@a {&}\else ...
l.1851   \left
              \{\begin{array}{lr}
? 
! Extra \else.
\@@eqncr ...@a {& &}\or \def \reserved@a {&}\else 
                                                  \let \reserved@a \@empty \...
l.1851   \left
              \{\begin{array}{lr}
? 

! LaTeX Error: Too many columns in eqnarray environment.

See the LaTeX manual or LaTeX Companion for explanation.
Type  H <return>  for immediate help.
 ...                                              
                                                  
l.1851   \left
              \{\begin{array}{lr}
? 
! Extra \fi.
\@@eqncr ...mns in eqnarray environment}\@ehc \fi 
                                                  \reserved@a \if@eqnsw \@eq...
l.1851   \left
              \{\begin{array}{lr}
? 
! Missing { inserted.
<inserted text> 
                {
l.1851   \left
              \{\begin{array}{lr}
? 
! Missing $ inserted.
<inserted text> 
                $
l.1853       $avg \cdot
                        inLT = h1$ \\
? 
! Missing $ inserted.
<inserted text> 
                $
l.1854       $
              avg \cdot inLT = h2 \cdot \left\langle avg, length \right\rang...

? 
! Missing $ inserted.
<inserted text> 
                $
l.1854       $avg \cdot
                        inLT = h2 \cdot \left\langle avg, length \right\rang...

? 
! Missing $ inserted.
<inserted text> 
                $
l.1855     \end
               {array}\right
? 
! Missing delimiter (. inserted).
<to be read again> 
                   \left 
l.1856     \left
                \{\begin{array}{lr}
? 
! Missing $ inserted.
<inserted text> 
                $
l.1857       $length \cdot
                           inLT = k1$ \\
? 
! Missing $ inserted.
<inserted text> 
                $
l.1858       $
              length \cdot inLT = k2 \cdot \left\langle avg, length \right\r...

? 
! Missing $ inserted.
<inserted text> 
                $
l.1858       $length \cdot
                           inLT = k2 \cdot \left\langle avg, length \right\r...

? 
! Missing $ inserted.
<inserted text> 
                $
l.1859     \end
               {array}\right
? 
! Missing delimiter (. inserted).
<to be read again> 
                   \unskip 
l.1860   \end{array}
                    \right
? 
! Missing delimiter (. inserted).
<to be read again> 
                   $
l.1861   $
          \equiv \left\{ Def-inLT; Igualdade extensional (71); Def-comp (72)...

? 
! Missing } inserted.
<inserted text> 
                }
l.1861   $
          \equiv \left\{ Def-inLT; Igualdade extensional (71); Def-comp (72)...

? 
! Missing $ inserted.
<inserted text> 
                $
l.1861   $\equiv
                 \left\{ Def-inLT; Igualdade extensional (71); Def-comp (72)...

? 
! Missing $ inserted.
<inserted text> 
                $
l.1862   \left
              \{\begin{array}{lr}
? 
! Incomplete \ifcase; all text was ignored after line 1862.
<inserted text> 
                \fi 
l.1862   \left
              \{\begin{array}{lr}
? 
! Extra alignment tab has been changed to \cr.
<recently read> \endtemplate 
                             
l.1862   \left
              \{\begin{array}{lr}
? 
! Extra \or.
\@@eqncr ... {& & &}\or \def \reserved@a {& &}\or 
                                                  \def \reserved@a {&}\else ...
l.1862   \left
              \{\begin{array}{lr}
? 
! Extra \else.
\@@eqncr ...@a {& &}\or \def \reserved@a {&}\else 
                                                  \let \reserved@a \@empty \...
l.1862   \left
              \{\begin{array}{lr}
? 

! LaTeX Error: Too many columns in eqnarray environment.

See the LaTeX manual or LaTeX Companion for explanation.
Type  H <return>  for immediate help.
 ...                                              
                                                  
l.1862   \left
              \{\begin{array}{lr}
? 
! Extra \fi.
\@@eqncr ...mns in eqnarray environment}\@ehc \fi 
                                                  \reserved@a \if@eqnsw \@eq...
l.1862   \left
              \{\begin{array}{lr}
? 
! Missing { inserted.
<inserted text> 
                {
l.1862   \left
              \{\begin{array}{lr}
? 
! Missing delimiter (. inserted).
<to be read again> 
                   \left 
l.1867     \left
                \{\begin{array}{lr}
? 
! Missing delimiter (. inserted).
<to be read again> 
                   \unskip 
l.1871   \end{array}
                    \right
? 
! Missing delimiter (. inserted).
<to be read again> 
                   \equiv 
l.1872   \equiv
                \left\{ Def-length para LTree: contar Leaf - k1 := const 1; ...

? 
! Missing delimiter (. inserted).
<to be read again> 
                   \left 
l.1878     \left
                \{\begin{array}{lr}
? 
! Missing $ inserted.
<inserted text> 
                $
l.1880 ...$length (Fork (l,r)) = uncurry (+) \cdot
                                                   \left\langle\pi2, \pi2 \r...

? 
! Missing $ inserted.
<inserted text> 
                $
l.1881     \end
               {array}\right
? 
! Missing delimiter (. inserted).
<to be read again> 
                   \unskip 
l.1882   \end{array}
                    \right
? 
! Missing delimiter (. inserted).
<to be read again> 
                   \equiv 
l.1883   \equiv
                \left\{ h1 := id; h2 := (+) (mul p1) (mul p2) / uncurry (+) ...

? 
! Missing $ inserted.
<inserted text> 
                $
l.1887 ...+) (mul p1) (mul p2) / uncurry (+) \cdot
                                                   \left\langle \pi2, \pi2 \...

? 
! Missing $ inserted.
<inserted text> 
                $
l.1888     \end
               {array}\right
? 
! Missing delimiter (. inserted).
<to be read again> 
                   \left 
l.1889     \left
                \{\begin{array}{lr}
? 
! Missing $ inserted.
<inserted text> 
                $
l.1891 ...$length (Fork (l,r)) = uncurry (+) \cdot
                                                   \left\langle\pi2, \pi2 \r...

? 
! Missing $ inserted.
<inserted text> 
                $
l.1892     \end
               {array}\right
? 
! Missing delimiter (. inserted).
<to be read again> 
                   \unskip 
l.1893   \end{array}
                    \right
? 
! Missing delimiter (. inserted).
<to be read again> 
                   $
l.1894   $
          \equiv \left\{ Eq - + (27)  \right\}$\\
? 
! Missing } inserted.
<inserted text> 
                }
l.1894   $
          \equiv \left\{ Eq - + (27)  \right\}$\\
? 
! Missing $ inserted.
<inserted text> 
                $
l.1894   $\equiv
                 \left\{ Eq - + (27)  \right\}$\\
? 
! Missing $ inserted.
<inserted text> 
                $
l.1895   \left
              \{\begin{array}{lr}
? 
! Incomplete \ifcase; all text was ignored after line 1895.
<inserted text> 
                \fi 
l.1895   \left
              \{\begin{array}{lr}
? 
! Extra alignment tab has been changed to \cr.
<recently read> \endtemplate 
                             
l.1895   \left
              \{\begin{array}{lr}
? 
! Extra \or.
\@@eqncr ... {& & &}\or \def \reserved@a {& &}\or 
                                                  \def \reserved@a {&}\else ...
l.1895   \left
              \{\begin{array}{lr}
? 
! Extra \else.
\@@eqncr ...@a {& &}\or \def \reserved@a {&}\else 
                                                  \let \reserved@a \@empty \...
l.1895   \left
              \{\begin{array}{lr}
? 

! LaTeX Error: Too many columns in eqnarray environment.

See the LaTeX manual or LaTeX Companion for explanation.
Type  H <return>  for immediate help.
 ...                                              
                                                  
l.1895   \left
              \{\begin{array}{lr}
? 
! Extra \fi.
\@@eqncr ...mns in eqnarray environment}\@ehc \fi 
                                                  \reserved@a \if@eqnsw \@eq...
l.1895   \left
              \{\begin{array}{lr}
? 
! Missing { inserted.
<inserted text> 
                {
l.1895   \left
              \{\begin{array}{lr}
? 
! Missing $ inserted.
<inserted text> 
                $
l.1896 ...+) (mul p1) (mul p2) / uncurry (+) \cdot
                                                   \left\langle \pi2, \pi2 \...

? 
! Missing $ inserted.
<inserted text> 
                $
l.1897     $
             length . inLT = [const 1, uncurry (+) \cdot \left\langle\pi2, \...

? 
! Missing $ inserted.
<inserted text> 
                $
l.1897 ...gth . inLT = [const 1, uncurry (+) \cdot
                                                   \left\langle\pi2, \pi2 \r...

? 
! Missing $ inserted.
<inserted text> 
                $
l.1898   \end
             {array}\right
? 
! Missing delimiter (. inserted).
<to be read again> 
                   $
l.1899   $
          \equiv \left\{ Fokkinga (52)  \right\} $\\
? 
! Missing } inserted.
<inserted text> 
                }
l.1899   $
          \equiv \left\{ Fokkinga (52)  \right\} $\\
? 
! Missing $ inserted.
<inserted text> 
                $
l.1899   $\equiv
                 \left\{ Fokkinga (52)  \right\} $\\
? 
! Missing $ inserted.
<inserted text> 
                $
l.1900   $
          \langle avg, length \rangle = \llparenthesis \langle [id, (+) (mul...

? 
! Incomplete \ifcase; all text was ignored after line 1900.
<inserted text> 
                \fi 
l.1900   $
          \langle avg, length \rangle = \llparenthesis \langle [id, (+) (mul...

? 
! Extra alignment tab has been changed to \cr.
<recently read> \endtemplate 
                             
l.1900   $
          \langle avg, length \rangle = \llparenthesis \langle [id, (+) (mul...

? 
! Extra \or.
\@@eqncr ... {& & &}\or \def \reserved@a {& &}\or 
                                                  \def \reserved@a {&}\else ...
l.1900   $
          \langle avg, length \rangle = \llparenthesis \langle [id, (+) (mul...

? 
! Extra \else.
\@@eqncr ...@a {& &}\or \def \reserved@a {&}\else 
                                                  \let \reserved@a \@empty \...
l.1900   $
          \langle avg, length \rangle = \llparenthesis \langle [id, (+) (mul...

? 

! LaTeX Error: Too many columns in eqnarray environment.

See the LaTeX manual or LaTeX Companion for explanation.
Type  H <return>  for immediate help.
 ...                                              
                                                  
l.1900   $
          \langle avg, length \rangle = \llparenthesis \langle [id, (+) (mul...

? 
! Extra \fi.
\@@eqncr ...mns in eqnarray environment}\@ehc \fi 
                                                  \reserved@a \if@eqnsw \@eq...
l.1900   $
          \langle avg, length \rangle = \llparenthesis \langle [id, (+) (mul...

? 
! Missing { inserted.
<inserted text> 
                {
l.1900   $
          \langle avg, length \rangle = \llparenthesis \langle [id, (+) (mul...

? 
! Missing } inserted.
<inserted text> 
                }
l.1900   $
          \langle avg, length \rangle = \llparenthesis \langle [id, (+) (mul...

? 
! Missing $ inserted.
<inserted text> 
                $
l.1900   $\langle
                  avg, length \rangle = \llparenthesis \langle [id, (+) (mul...

? 
! Undefined control sequence.
l.1900 ...gle avg, length \rangle = \llparenthesis
                                                   \langle [id, (+) (mul p1)...

? 
! Undefined control sequence.
l.1900 ...i2 \right\rangle] \rangle \rrparenthesis
                                                  $\\
? 
! Missing $ inserted.
<inserted text> 
                $
l.1901   $
          \equiv \left\{ Lei da Troca (28)  \right\} $\\
? 
! Incomplete \ifcase; all text was ignored after line 1901.
<inserted text> 
                \fi 
l.1901   $
          \equiv \left\{ Lei da Troca (28)  \right\} $\\
? 
! Extra alignment tab has been changed to \cr.
<recently read> \endtemplate 
                             
l.1901   $
          \equiv \left\{ Lei da Troca (28)  \right\} $\\
? 
! Extra \or.
\@@eqncr ... {& & &}\or \def \reserved@a {& &}\or 
                                                  \def \reserved@a {&}\else ...
l.1901   $
          \equiv \left\{ Lei da Troca (28)  \right\} $\\
? 
! Extra \else.
\@@eqncr ...@a {& &}\or \def \reserved@a {&}\else 
                                                  \let \reserved@a \@empty \...
l.1901   $
          \equiv \left\{ Lei da Troca (28)  \right\} $\\
? 

! LaTeX Error: Too many columns in eqnarray environment.

See the LaTeX manual or LaTeX Companion for explanation.
Type  H <return>  for immediate help.
 ...                                              
                                                  
l.1901   $
          \equiv \left\{ Lei da Troca (28)  \right\} $\\
? 
! Extra \fi.
\@@eqncr ...mns in eqnarray environment}\@ehc \fi 
                                                  \reserved@a \if@eqnsw \@eq...
l.1901   $
          \equiv \left\{ Lei da Troca (28)  \right\} $\\
? 
! Missing { inserted.
<inserted text> 
                {
l.1901   $
          \equiv \left\{ Lei da Troca (28)  \right\} $\\
? 
! Missing } inserted.
<inserted text> 
                }
l.1901   $
          \equiv \left\{ Lei da Troca (28)  \right\} $\\
? 
! Missing $ inserted.
<inserted text> 
                $
l.1901   $\equiv
                 \left\{ Lei da Troca (28)  \right\} $\\
? 
! Missing $ inserted.
<inserted text> 
                $
l.1902   $
          \langle avg, length \rangle = \llparenthesis [\left\langle id, con...

? 
! Incomplete \ifcase; all text was ignored after line 1902.
<inserted text> 
                \fi 
l.1902   $
          \langle avg, length \rangle = \llparenthesis [\left\langle id, con...

? 
! Extra alignment tab has been changed to \cr.
<recently read> \endtemplate 
                             
l.1902   $
          \langle avg, length \rangle = \llparenthesis [\left\langle id, con...

? 
! Extra \or.
\@@eqncr ... {& & &}\or \def \reserved@a {& &}\or 
                                                  \def \reserved@a {&}\else ...
l.1902   $
          \langle avg, length \rangle = \llparenthesis [\left\langle id, con...

? 
! Extra \else.
\@@eqncr ...@a {& &}\or \def \reserved@a {&}\else 
                                                  \let \reserved@a \@empty \...
l.1902   $
          \langle avg, length \rangle = \llparenthesis [\left\langle id, con...

? 

! LaTeX Error: Too many columns in eqnarray environment.

See the LaTeX manual or LaTeX Companion for explanation.
Type  H <return>  for immediate help.
 ...                                              
                                                  
l.1902   $
          \langle avg, length \rangle = \llparenthesis [\left\langle id, con...

? 
! Extra \fi.
\@@eqncr ...mns in eqnarray environment}\@ehc \fi 
                                                  \reserved@a \if@eqnsw \@eq...
l.1902   $
          \langle avg, length \rangle = \llparenthesis [\left\langle id, con...

? 
! Missing { inserted.
<inserted text> 
                {
l.1902   $
          \langle avg, length \rangle = \llparenthesis [\left\langle id, con...

? 
! Missing } inserted.
<inserted text> 
                }
l.1902   $
          \langle avg, length \rangle = \llparenthesis [\left\langle id, con...

? 
! Missing $ inserted.
<inserted text> 
                $
l.1902   $\langle
                  avg, length \rangle = \llparenthesis [\left\langle id, con...

? 
! Undefined control sequence.
l.1902 ...gle avg, length \rangle = \llparenthesis
                                                   [\left\langle id, const 1...

? 
! Undefined control sequence.
l.1902 ...i2 \right\rangle] \rangle \rrparenthesis
                                                  $\\
? 
! Missing $ inserted.
<inserted text> 
                $
l.1903 \end
           {eqnarray*}
? 
! Incomplete \ifcase; all text was ignored after line 1903.
<inserted text> 
                \fi 
l.1903 \end
           {eqnarray*}
? 
! Extra alignment tab has been changed to \cr.
<recently read> \endtemplate 
                             
l.1903 \end
           {eqnarray*}
? 
! Extra \or.
\@@eqncr ... {& & &}\or \def \reserved@a {& &}\or 
                                                  \def \reserved@a {&}\else ...
l.1903 \end
           {eqnarray*}
? 
! Extra \else.
\@@eqncr ...@a {& &}\or \def \reserved@a {&}\else 
                                                  \let \reserved@a \@empty \...
l.1903 \end
           {eqnarray*}
? 

! LaTeX Error: Too many columns in eqnarray environment.

See the LaTeX manual or LaTeX Companion for explanation.
Type  H <return>  for immediate help.
 ...                                              
                                                  
l.1903 \end
           {eqnarray*}
? 
! Extra \fi.
\@@eqncr ...mns in eqnarray environment}\@ehc \fi 
                                                  \reserved@a \if@eqnsw \@eq...
l.1903 \end
           {eqnarray*}
? 
! Missing { inserted.
<inserted text> 
                {
l.1903 \end
           {eqnarray*}
? 

Overfull \hbox (571.89189pt too wide) in alignment at lines 1843--1903
 [][][] []
 []

[16]
! Undefined control sequence.
<inserted text> ...el {=}\p 1\comp \llparenthesis 
                                                  \, \Varid {gene}\,\rrparen...
l.1928 \end{hscode}
                   \resethooks
? 
! Undefined control sequence.
<inserted text> ... \Varid {gene}\,\rrparenthesis 
                                                  \;\mathbf {where}{}\<[E]\\...
l.1928 \end{hscode}
                   \resethooks
? 
! Undefined control sequence.
<inserted text> ...el {=}\p 1\comp \llparenthesis 
                                                  \, \Varid {gene}\,\rrparen...
l.1928 \end{hscode}
                   \resethooks
? 
! Undefined control sequence.
<inserted text> ... \Varid {gene}\,\rrparenthesis 
                                                  \;\mathbf {where}{}\<[E]\\...
l.1928 \end{hscode}
                   \resethooks
? 
! Undefined control sequence.
<inserted text> ...el {=}\p 1\comp \llparenthesis 
                                                  \, \Varid {gene}\,\rrparen...
l.1928 \end{hscode}
                   \resethooks
? 
! Undefined control sequence.
<inserted text> ... \Varid {gene}\,\rrparenthesis 
                                                  \;\mathbf {where}{}\<[E]\\...
l.1928 \end{hscode}
                   \resethooks
? 
No file cp2021t.ind.
No file cp2021t.bbl.
[17] (./cp2021t.aux)
Package rerunfilecheck Info: File `cp2021t.out' has not changed.
(rerunfilecheck)             Checksum: 7ABFEEFBC6EDEE4EAEC2BDEF142178CE;514.


LaTeX Warning: There were undefined references.

 ) 
Here is how much of TeX's memory you used:
 10687 strings out of 479383
 163790 string characters out of 5875830
 516922 words of memory out of 5000000
 27470 multiletter control sequences out of 15000+600000
 436398 words of font info for 113 fonts, out of 8000000 for 9000
 1141 hyphenation exceptions out of 8191
 66i,18n,74p,447b,515s stack positions out of 5000i,500n,10000p,200000b,80000s
{/usr/share/texmf-dist/fonts/enc/dvips/base/8r.enc}</usr/share/texmf-dist/fon
ts/type1/public/amsfonts/cm/cmbx10.pfb></usr/share/texmf-dist/fonts/type1/publi
c/amsfonts/cm/cmex10.pfb></usr/share/texmf-dist/fonts/type1/public/amsfonts/cm/
cmmi10.pfb></usr/share/texmf-dist/fonts/type1/public/amsfonts/cm/cmmi5.pfb></us
r/share/texmf-dist/fonts/type1/public/amsfonts/cm/cmmi7.pfb></usr/share/texmf-d
ist/fonts/type1/public/amsfonts/cm/cmr10.pfb></usr/share/texmf-dist/fonts/type1
/public/amsfonts/cm/cmr5.pfb></usr/share/texmf-dist/fonts/type1/public/amsfonts
/cm/cmr7.pfb></usr/share/texmf-dist/fonts/type1/public/amsfonts/cm/cmss10.pfb><
/usr/share/texmf-dist/fonts/type1/public/amsfonts/cm/cmsy10.pfb></usr/share/tex
mf-dist/fonts/type1/public/amsfonts/cm/cmsy7.pfb></usr/share/texmf-dist/fonts/t
ype1/public/amsfonts/cm/cmti10.pfb></usr/share/texmf-dist/fonts/type1/public/am
sfonts/cm/cmti7.pfb></usr/share/texmf-dist/fonts/type1/public/amsfonts/cm/cmti8
.pfb></usr/share/texmf-dist/fonts/type1/public/amsfonts/symbols/msam10.pfb></us
r/share/texmf-dist/fonts/type1/public/amsfonts/symbols/msbm10.pfb></usr/share/t
exmf-dist/fonts/type1/public/amsfonts/symbols/msbm7.pfb></usr/share/texmf-dist/
fonts/type1/urw/courier/ucrr8a.pfb></usr/share/texmf-dist/fonts/type1/urw/helve
tic/uhvr8a.pfb></usr/share/texmf-dist/fonts/type1/urw/palatino/uplb8a.pfb></usr
/share/texmf-dist/fonts/type1/urw/palatino/uplr8a.pfb></usr/share/texmf-dist/fo
nts/type1/urw/palatino/uplr8a.pfb></usr/share/texmf-dist/fonts/type1/urw/palati
no/uplri8a.pfb>
Output written on cp2021t.pdf (17 pages, 1329531 bytes).
PDF statistics:
 356 PDF objects out of 1000 (max. 8388607)
 307 compressed objects within 4 object streams
 76 named destinations out of 1000 (max. 500000)
 75 words of extra memory for PDF output out of 10000 (max. 10000000)

